Image results for "Tesla" from Image1 : {"id":1,"name":"Model X","car_image_url":["https://tinyurl.com/sccs8zk","https://tinyurl.com/rz8242y"]}
Image timestamp: 1586603825765
Website results for "Tesla" from Web1 : {"id":1,"name":"Model X","description":"This an suv","range":351,"battery":88,"awd":true}
Web timestamp: 1586603825769
Video results for "Tesla" from Video1 : {"id":1,"name":"Model S","source":"youtube","video_url":"https://www.youtube.com/watch?v=ySMQ0Bfsrfg"}
Video timestamp: 1586603825779
===================================== Total time elapsed: 16.527184ms =====================================

Image results for "Tesla" from Image2 : {"id":2,"name":"Model Y","car_image_url":["https://tinyurl.com/uc438zj","https://tinyurl.com/urk58y3"]}
Image timestamp: 1586603825789
Website results for "Tesla" from Web1 : {"id":1,"name":"Model X","description":"This an suv","range":351,"battery":88,"awd":true}
Web timestamp: 1586603825794
Video results for "Tesla" from Video1 : {"id":1,"name":"Model S","source":"youtube","video_url":"https://www.youtube.com/watch?v=ySMQ0Bfsrfg"}
Video timestamp: 1586603825815
===================================== Total time elapsed: 35.08587ms =====================================

Video results for "Tesla" from Video3 : {"id":3,"name":"Model S","source":"metacafe","video_url":"https://tinyurl.com/tpmlde2"}
Video timestamp: 1586603825816
Website results for "Tesla" from Web1 : {"id":1,"name":"Model X","description":"This an suv","range":351,"battery":88,"awd":true}
Web timestamp: 1586603825836
Image results for "Tesla" from Image2 : {"id":2,"name":"Model Y","car_image_url":["https://tinyurl.com/uc438zj","https://tinyurl.com/urk58y3"]}
Image timestamp: 1586603825860
===================================== Total time elapsed: 45.341885ms =====================================

Video results for "Tesla" from Video1 : {"id":1,"name":"Model S","source":"youtube","video_url":"https://www.youtube.com/watch?v=ySMQ0Bfsrfg"}
Video timestamp: 1586603825861
Website results for "Tesla" from Web2 : {"id":2,"name":"Model Y","description":"This is a compact sport utility vehicle","range":316,"battery":68,"awd":true}
Web timestamp: 1586603825863
Image results for "Tesla" from Image2 : {"id":2,"name":"Model Y","car_image_url":["https://tinyurl.com/uc438zj","https://tinyurl.com/urk58y3"]}
Image timestamp: 1586603825890
===================================== Total time elapsed: 29.814703ms =====================================

Video results for "Tesla" from Video2 : {"id":2,"name":"Model X","source":"dailymotion","video_url":"https://tinyurl.com/uqtouqp"}
Video timestamp: 1586603825894
Image results for "Tesla" from Image3 : {"id":3,"name":"Model S","car_image_url":["https://tinyurl.com/s6wbu7c","https://tinyurl.com/qwllp8p"]}
Image timestamp: 1586603825898
Website results for "Tesla" from Web3 : {"id":3,"name":"Model S","description":"This is a luxury vehicle","range":348,"battery":68,"awd":true}
Web timestamp: 1586603825915
===================================== Total time elapsed: 24.415107ms =====================================

Website results for "Tesla" from Web2 : {"id":2,"name":"Model Y","description":"This is a compact sport utility vehicle","range":316,"battery":68,"awd":true}
Web timestamp: 1586603825923
Image results for "Tesla" from Image1 : {"id":1,"name":"Model X","car_image_url":["https://tinyurl.com/sccs8zk","https://tinyurl.com/rz8242y"]}
Image timestamp: 1586603825923
Video results for "Tesla" from Video3 : {"id":3,"name":"Model S","source":"metacafe","video_url":"https://tinyurl.com/tpmlde2"}
Video timestamp: 1586603825959
===================================== Total time elapsed: 43.538912ms =====================================

Image results for "Tesla" from Image3 : {"id":3,"name":"Model S","car_image_url":["https://tinyurl.com/s6wbu7c","https://tinyurl.com/qwllp8p"]}
Image timestamp: 1586603825964
Video results for "Tesla" from Video2 : {"id":2,"name":"Model X","source":"dailymotion","video_url":"https://tinyurl.com/uqtouqp"}
Video timestamp: 1586603825966
Website results for "Tesla" from Web1 : {"id":1,"name":"Model X","description":"This an suv","range":351,"battery":88,"awd":true}
Web timestamp: 1586603826025
===================================== Total time elapsed: 65.845773ms =====================================

Video results for "Tesla" from Video3 : {"id":3,"name":"Model S","source":"metacafe","video_url":"https://tinyurl.com/tpmlde2"}
Video timestamp: 1586603826036
Image results for "Tesla" from Image3 : {"id":3,"name":"Model S","car_image_url":["https://tinyurl.com/s6wbu7c","https://tinyurl.com/qwllp8p"]}
Image timestamp: 1586603826039
Website results for "Tesla" from Web1 : {"id":1,"name":"Model X","description":"This an suv","range":351,"battery":88,"awd":true}
Web timestamp: 1586603826059
===================================== Total time elapsed: 33.50519ms =====================================

Website results for "Tesla" from Web2 : {"id":2,"name":"Model Y","description":"This is a compact sport utility vehicle","range":316,"battery":68,"awd":true}
Web timestamp: 1586603826060
Image results for "Tesla" from Image1 : {"id":1,"name":"Model X","car_image_url":["https://tinyurl.com/sccs8zk","https://tinyurl.com/rz8242y"]}
Image timestamp: 1586603826070
Video results for "Tesla" from Video1 : {"id":1,"name":"Model S","source":"youtube","video_url":"https://www.youtube.com/watch?v=ySMQ0Bfsrfg"}
Video timestamp: 1586603826088
===================================== Total time elapsed: 28.917596ms =====================================

Image results for "Tesla" from Image2 : {"id":2,"name":"Model Y","car_image_url":["https://tinyurl.com/uc438zj","https://tinyurl.com/urk58y3"]}
Image timestamp: 1586603826098
Video results for "Tesla" from Video3 : {"id":3,"name":"Model S","source":"metacafe","video_url":"https://tinyurl.com/tpmlde2"}
Video timestamp: 1586603826107
===================================== Total time elapsed: 81.617779ms =====================================

Website results for "Tesla" from Web1 : {"id":1,"name":"Model X","description":"This an suv","range":351,"battery":88,"awd":true}
Web timestamp: 1586603826174
Image results for "Tesla" from Image1 : {"id":1,"name":"Model X","car_image_url":["https://tinyurl.com/sccs8zk","https://tinyurl.com/rz8242y"]}
Image timestamp: 1586603826190
Video results for "Tesla" from Video2 : {"id":2,"name":"Model X","source":"dailymotion","video_url":"https://tinyurl.com/uqtouqp"}
Video timestamp: 1586603826213
===================================== Total time elapsed: 43.326222ms =====================================

Image results for "Tesla" from Image1 : {"id":1,"name":"Model X","car_image_url":["https://tinyurl.com/sccs8zk","https://tinyurl.com/rz8242y"]}
Image timestamp: 1586603826219
Video results for "Tesla" from Video3 : {"id":3,"name":"Model S","source":"metacafe","video_url":"https://tinyurl.com/tpmlde2"}
Video timestamp: 1586603826226
===================================== Total time elapsed: 82.787644ms =====================================

Website results for "Tesla" from Web3 : {"id":3,"name":"Model S","description":"This is a luxury vehicle","range":348,"battery":68,"awd":true}
Web timestamp: 1586603826297
Image results for "Tesla" from Image2 : {"id":2,"name":"Model Y","car_image_url":["https://tinyurl.com/uc438zj","https://tinyurl.com/urk58y3"]}
Image timestamp: 1586603826302
Video results for "Tesla" from Video1 : {"id":1,"name":"Model S","source":"youtube","video_url":"https://www.youtube.com/watch?v=ySMQ0Bfsrfg"}
Video timestamp: 1586603826303
===================================== Total time elapsed: 6.171491ms =====================================

Website results for "Tesla" from Web3 : {"id":3,"name":"Model S","description":"This is a luxury vehicle","range":348,"battery":68,"awd":true}
Web timestamp: 1586603826307
Video results for "Tesla" from Video3 : {"id":3,"name":"Model S","source":"metacafe","video_url":"https://tinyurl.com/tpmlde2"}
Video timestamp: 1586603826310
Image results for "Tesla" from Image1 : {"id":1,"name":"Model X","car_image_url":["https://tinyurl.com/sccs8zk","https://tinyurl.com/rz8242y"]}
Image timestamp: 1586603826314
===================================== Total time elapsed: 11.549696ms =====================================

Image results for "Tesla" from Image2 : {"id":2,"name":"Model Y","car_image_url":["https://tinyurl.com/uc438zj","https://tinyurl.com/urk58y3"]}
Image timestamp: 1586603826319
Website results for "Tesla" from Web1 : {"id":1,"name":"Model X","description":"This an suv","range":351,"battery":88,"awd":true}
Web timestamp: 1586603826323
Video results for "Tesla" from Video2 : {"id":2,"name":"Model X","source":"dailymotion","video_url":"https://tinyurl.com/uqtouqp"}
Video timestamp: 1586603826364
===================================== Total time elapsed: 49.51121ms =====================================

Image results for "Tesla" from Image2 : {"id":2,"name":"Model Y","car_image_url":["https://tinyurl.com/uc438zj","https://tinyurl.com/urk58y3"]}
Image timestamp: 1586603826399
Website results for "Tesla" from Web3 : {"id":3,"name":"Model S","description":"This is a luxury vehicle","range":348,"battery":68,"awd":true}
Web timestamp: 1586603826413
Video results for "Tesla" from Video2 : {"id":2,"name":"Model X","source":"dailymotion","video_url":"https://tinyurl.com/uqtouqp"}
Video timestamp: 1586603826420
===================================== Total time elapsed: 55.613527ms =====================================

Website results for "Tesla" from Web1 : {"id":1,"name":"Model X","description":"This an suv","range":351,"battery":88,"awd":true}
Web timestamp: 1586603826428
Image results for "Tesla" from Image1 : {"id":1,"name":"Model X","car_image_url":["https://tinyurl.com/sccs8zk","https://tinyurl.com/rz8242y"]}
Image timestamp: 1586603826437
Video results for "Tesla" from Video1 : {"id":1,"name":"Model S","source":"youtube","video_url":"https://www.youtube.com/watch?v=ySMQ0Bfsrfg"}
Video timestamp: 1586603826462
===================================== Total time elapsed: 42.306984ms =====================================

Image results for "Tesla" from Image1 : {"id":1,"name":"Model X","car_image_url":["https://tinyurl.com/sccs8zk","https://tinyurl.com/rz8242y"]}
Image timestamp: 1586603826470
Video results for "Tesla" from Video1 : {"id":1,"name":"Model S","source":"youtube","video_url":"https://www.youtube.com/watch?v=ySMQ0Bfsrfg"}
Video timestamp: 1586603826504
Website results for "Tesla" from Web1 : {"id":1,"name":"Model X","description":"This an suv","range":351,"battery":88,"awd":true}
Web timestamp: 1586603826517
===================================== Total time elapsed: 54.607601ms =====================================

Image results for "Tesla" from Image1 : {"id":1,"name":"Model X","car_image_url":["https://tinyurl.com/sccs8zk","https://tinyurl.com/rz8242y"]}
Image timestamp: 1586603826541
Video results for "Tesla" from Video3 : {"id":3,"name":"Model S","source":"metacafe","video_url":"https://tinyurl.com/tpmlde2"}
Video timestamp: 1586603826556
Website results for "Tesla" from Web2 : {"id":2,"name":"Model Y","description":"This is a compact sport utility vehicle","range":316,"battery":68,"awd":true}
Web timestamp: 1586603826582
===================================== Total time elapsed: 64.472577ms =====================================

Image results for "Tesla" from Image2 : {"id":2,"name":"Model Y","car_image_url":["https://tinyurl.com/uc438zj","https://tinyurl.com/urk58y3"]}
Image timestamp: 1586603826591
Website results for "Tesla" from Web2 : {"id":2,"name":"Model Y","description":"This is a compact sport utility vehicle","range":316,"battery":68,"awd":true}
Web timestamp: 1586603826626
Video results for "Tesla" from Video3 : {"id":3,"name":"Model S","source":"metacafe","video_url":"https://tinyurl.com/tpmlde2"}
Video timestamp: 1586603826633
===================================== Total time elapsed: 51.594333ms =====================================

Website results for "Tesla" from Web2 : {"id":2,"name":"Model Y","description":"This is a compact sport utility vehicle","range":316,"battery":68,"awd":true}
Web timestamp: 1586603826636
Image results for "Tesla" from Image1 : {"id":1,"name":"Model X","car_image_url":["https://tinyurl.com/sccs8zk","https://tinyurl.com/rz8242y"]}
Image timestamp: 1586603826681
Video results for "Tesla" from Video1 : {"id":1,"name":"Model S","source":"youtube","video_url":"https://www.youtube.com/watch?v=ySMQ0Bfsrfg"}
Video timestamp: 1586603826704
===================================== Total time elapsed: 70.903825ms =====================================

Website results for "Tesla" from Web1 : {"id":1,"name":"Model X","description":"This an suv","range":351,"battery":88,"awd":true}
Web timestamp: 1586603826712
Video results for "Tesla" from Video2 : {"id":2,"name":"Model X","source":"dailymotion","video_url":"https://tinyurl.com/uqtouqp"}
Video timestamp: 1586603826712
Image results for "Tesla" from Image2 : {"id":2,"name":"Model Y","car_image_url":["https://tinyurl.com/uc438zj","https://tinyurl.com/urk58y3"]}
Image timestamp: 1586603826770
===================================== Total time elapsed: 65.008755ms =====================================

Image results for "Tesla" from Image2 : {"id":2,"name":"Model Y","car_image_url":["https://tinyurl.com/uc438zj","https://tinyurl.com/urk58y3"]}
Image timestamp: 1586603826776
Website results for "Tesla" from Web2 : {"id":2,"name":"Model Y","description":"This is a compact sport utility vehicle","range":316,"battery":68,"awd":true}
Web timestamp: 1586603826826
===================================== Total time elapsed: 82.659001ms =====================================

Image results for "Tesla" from Image3 : {"id":3,"name":"Model S","car_image_url":["https://tinyurl.com/s6wbu7c","https://tinyurl.com/qwllp8p"]}
Image timestamp: 1586603826856
Video results for "Tesla" from Video3 : {"id":3,"name":"Model S","source":"metacafe","video_url":"https://tinyurl.com/tpmlde2"}
Video timestamp: 1586603826880
Website results for "Tesla" from Web2 : {"id":2,"name":"Model Y","description":"This is a compact sport utility vehicle","range":316,"battery":68,"awd":true}
Web timestamp: 1586603826897
===================================== Total time elapsed: 44.195732ms =====================================

Website results for "Tesla" from Web2 : {"id":2,"name":"Model Y","description":"This is a compact sport utility vehicle","range":316,"battery":68,"awd":true}
Web timestamp: 1586603826897
Video results for "Tesla" from Video2 : {"id":2,"name":"Model X","source":"dailymotion","video_url":"https://tinyurl.com/uqtouqp"}
Video timestamp: 1586603826906
Image results for "Tesla" from Image2 : {"id":2,"name":"Model Y","car_image_url":["https://tinyurl.com/uc438zj","https://tinyurl.com/urk58y3"]}
Image timestamp: 1586603826914
===================================== Total time elapsed: 16.871412ms =====================================

Website results for "Tesla" from Web1 : {"id":1,"name":"Model X","description":"This an suv","range":351,"battery":88,"awd":true}
Web timestamp: 1586603826914
Image results for "Tesla" from Image3 : {"id":3,"name":"Model S","car_image_url":["https://tinyurl.com/s6wbu7c","https://tinyurl.com/qwllp8p"]}
Image timestamp: 1586603826916
Video results for "Tesla" from Video1 : {"id":1,"name":"Model S","source":"youtube","video_url":"https://www.youtube.com/watch?v=ySMQ0Bfsrfg"}
Video timestamp: 1586603826948
===================================== Total time elapsed: 33.617756ms =====================================

Website results for "Tesla" from Web3 : {"id":3,"name":"Model S","description":"This is a luxury vehicle","range":348,"battery":68,"awd":true}
Web timestamp: 1586603826951
Video results for "Tesla" from Video2 : {"id":2,"name":"Model X","source":"dailymotion","video_url":"https://tinyurl.com/uqtouqp"}
Video timestamp: 1586603826955
Image results for "Tesla" from Image1 : {"id":1,"name":"Model X","car_image_url":["https://tinyurl.com/sccs8zk","https://tinyurl.com/rz8242y"]}
Image timestamp: 1586603826960
===================================== Total time elapsed: 11.574381ms =====================================

Image results for "Tesla" from Image1 : {"id":1,"name":"Model X","car_image_url":["https://tinyurl.com/sccs8zk","https://tinyurl.com/rz8242y"]}
Image timestamp: 1586603826966
Website results for "Tesla" from Web3 : {"id":3,"name":"Model S","description":"This is a luxury vehicle","range":348,"battery":68,"awd":true}
Web timestamp: 1586603826973
Video results for "Tesla" from Video3 : {"id":3,"name":"Model S","source":"metacafe","video_url":"https://tinyurl.com/tpmlde2"}
Video timestamp: 1586603826980
===================================== Total time elapsed: 20.739074ms =====================================

Image results for "Tesla" from Image3 : {"id":3,"name":"Model S","car_image_url":["https://tinyurl.com/s6wbu7c","https://tinyurl.com/qwllp8p"]}
Image timestamp: 1586603826990
Website results for "Tesla" from Web1 : {"id":1,"name":"Model X","description":"This an suv","range":351,"battery":88,"awd":true}
Web timestamp: 1586603826999
Video results for "Tesla" from Video3 : {"id":3,"name":"Model S","source":"metacafe","video_url":"https://tinyurl.com/tpmlde2"}
Video timestamp: 1586603826998
===================================== Total time elapsed: 17.94419ms =====================================

Video results for "Tesla" from Video3 : {"id":3,"name":"Model S","source":"metacafe","video_url":"https://tinyurl.com/tpmlde2"}
Video timestamp: 1586603827018
Image results for "Tesla" from Image2 : {"id":2,"name":"Model Y","car_image_url":["https://tinyurl.com/uc438zj","https://tinyurl.com/urk58y3"]}
Image timestamp: 1586603827020
Website results for "Tesla" from Web2 : {"id":2,"name":"Model Y","description":"This is a compact sport utility vehicle","range":316,"battery":68,"awd":true}
Web timestamp: 1586603827022
===================================== Total time elapsed: 23.702915ms =====================================

Image results for "Tesla" from Image2 : {"id":2,"name":"Model Y","car_image_url":["https://tinyurl.com/uc438zj","https://tinyurl.com/urk58y3"]}
Image timestamp: 1586603827053
Website results for "Tesla" from Web3 : {"id":3,"name":"Model S","description":"This is a luxury vehicle","range":348,"battery":68,"awd":true}
Web timestamp: 1586603827056
Video results for "Tesla" from Video2 : {"id":2,"name":"Model X","source":"dailymotion","video_url":"https://tinyurl.com/uqtouqp"}
Video timestamp: 1586603827083
===================================== Total time elapsed: 60.919576ms =====================================

Video results for "Tesla" from Video1 : {"id":1,"name":"Model S","source":"youtube","video_url":"https://www.youtube.com/watch?v=ySMQ0Bfsrfg"}
Video timestamp: 1586603827084
Website results for "Tesla" from Web1 : {"id":1,"name":"Model X","description":"This an suv","range":351,"battery":88,"awd":true}
Web timestamp: 1586603827116
Image results for "Tesla" from Image3 : {"id":3,"name":"Model S","car_image_url":["https://tinyurl.com/s6wbu7c","https://tinyurl.com/qwllp8p"]}
Image timestamp: 1586603827124
===================================== Total time elapsed: 40.002185ms =====================================

Image results for "Tesla" from Image2 : {"id":2,"name":"Model Y","car_image_url":["https://tinyurl.com/uc438zj","https://tinyurl.com/urk58y3"]}
Image timestamp: 1586603827135
Video results for "Tesla" from Video2 : {"id":2,"name":"Model X","source":"dailymotion","video_url":"https://tinyurl.com/uqtouqp"}
Video timestamp: 1586603827169
Website results for "Tesla" from Web3 : {"id":3,"name":"Model S","description":"This is a luxury vehicle","range":348,"battery":68,"awd":true}
Web timestamp: 1586603827194
===================================== Total time elapsed: 69.5363ms =====================================

Website results for "Tesla" from Web2 : {"id":2,"name":"Model Y","description":"This is a compact sport utility vehicle","range":316,"battery":68,"awd":true}
Web timestamp: 1586603827197
Image results for "Tesla" from Image3 : {"id":3,"name":"Model S","car_image_url":["https://tinyurl.com/s6wbu7c","https://tinyurl.com/qwllp8p"]}
Image timestamp: 1586603827205
Video results for "Tesla" from Video2 : {"id":2,"name":"Model X","source":"dailymotion","video_url":"https://tinyurl.com/uqtouqp"}
Video timestamp: 1586603827231
===================================== Total time elapsed: 37.280403ms =====================================

Video results for "Tesla" from Video3 : {"id":3,"name":"Model S","source":"metacafe","video_url":"https://tinyurl.com/tpmlde2"}
Video timestamp: 1586603827251
Image results for "Tesla" from Image2 : {"id":2,"name":"Model Y","car_image_url":["https://tinyurl.com/uc438zj","https://tinyurl.com/urk58y3"]}
Image timestamp: 1586603827294
Website results for "Tesla" from Web2 : {"id":2,"name":"Model Y","description":"This is a compact sport utility vehicle","range":316,"battery":68,"awd":true}
Web timestamp: 1586603827300
===================================== Total time elapsed: 68.638507ms =====================================

Image results for "Tesla" from Image3 : {"id":3,"name":"Model S","car_image_url":["https://tinyurl.com/s6wbu7c","https://tinyurl.com/qwllp8p"]}
Image timestamp: 1586603827327
Website results for "Tesla" from Web3 : {"id":3,"name":"Model S","description":"This is a luxury vehicle","range":348,"battery":68,"awd":true}
Web timestamp: 1586603827338
Video results for "Tesla" from Video3 : {"id":3,"name":"Model S","source":"metacafe","video_url":"https://tinyurl.com/tpmlde2"}
Video timestamp: 1586603827365
===================================== Total time elapsed: 64.502243ms =====================================

Video results for "Tesla" from Video3 : {"id":3,"name":"Model S","source":"metacafe","video_url":"https://tinyurl.com/tpmlde2"}
Video timestamp: 1586603827369
Website results for "Tesla" from Web2 : {"id":2,"name":"Model Y","description":"This is a compact sport utility vehicle","range":316,"battery":68,"awd":true}
Web timestamp: 1586603827394
Image results for "Tesla" from Image3 : {"id":3,"name":"Model S","car_image_url":["https://tinyurl.com/s6wbu7c","https://tinyurl.com/qwllp8p"]}
Image timestamp: 1586603827401
===================================== Total time elapsed: 36.294025ms =====================================

Website results for "Tesla" from Web1 : {"id":1,"name":"Model X","description":"This an suv","range":351,"battery":88,"awd":true}
Web timestamp: 1586603827440
Image results for "Tesla" from Image3 : {"id":3,"name":"Model S","car_image_url":["https://tinyurl.com/s6wbu7c","https://tinyurl.com/qwllp8p"]}
Image timestamp: 1586603827442
Video results for "Tesla" from Video1 : {"id":1,"name":"Model S","source":"youtube","video_url":"https://www.youtube.com/watch?v=ySMQ0Bfsrfg"}
Video timestamp: 1586603827447
===================================== Total time elapsed: 44.386645ms =====================================

Video results for "Tesla" from Video2 : {"id":2,"name":"Model X","source":"dailymotion","video_url":"https://tinyurl.com/uqtouqp"}
Video timestamp: 1586603827447
Website results for "Tesla" from Web2 : {"id":2,"name":"Model Y","description":"This is a compact sport utility vehicle","range":316,"battery":68,"awd":true}
Web timestamp: 1586603827475
Image results for "Tesla" from Image3 : {"id":3,"name":"Model S","car_image_url":["https://tinyurl.com/s6wbu7c","https://tinyurl.com/qwllp8p"]}
Image timestamp: 1586603827479
===================================== Total time elapsed: 32.76982ms =====================================

Website results for "Tesla" from Web2 : {"id":2,"name":"Model Y","description":"This is a compact sport utility vehicle","range":316,"battery":68,"awd":true}
Web timestamp: 1586603827487
Video results for "Tesla" from Video1 : {"id":1,"name":"Model S","source":"youtube","video_url":"https://www.youtube.com/watch?v=ySMQ0Bfsrfg"}
Video timestamp: 1586603827497
Image results for "Tesla" from Image1 : {"id":1,"name":"Model X","car_image_url":["https://tinyurl.com/sccs8zk","https://tinyurl.com/rz8242y"]}
Image timestamp: 1586603827497
===================================== Total time elapsed: 17.408389ms =====================================

Image results for "Tesla" from Image1 : {"id":1,"name":"Model X","car_image_url":["https://tinyurl.com/sccs8zk","https://tinyurl.com/rz8242y"]}
Image timestamp: 1586603827499
Website results for "Tesla" from Web1 : {"id":1,"name":"Model X","description":"This an suv","range":351,"battery":88,"awd":true}
Web timestamp: 1586603827504
Video results for "Tesla" from Video3 : {"id":3,"name":"Model S","source":"metacafe","video_url":"https://tinyurl.com/tpmlde2"}
Video timestamp: 1586603827544
===================================== Total time elapsed: 46.568659ms =====================================

Image results for "Tesla" from Image1 : {"id":1,"name":"Model X","car_image_url":["https://tinyurl.com/sccs8zk","https://tinyurl.com/rz8242y"]}
Image timestamp: 1586603827551
Website results for "Tesla" from Web2 : {"id":2,"name":"Model Y","description":"This is a compact sport utility vehicle","range":316,"battery":68,"awd":true}
Web timestamp: 1586603827577
Video results for "Tesla" from Video3 : {"id":3,"name":"Model S","source":"metacafe","video_url":"https://tinyurl.com/tpmlde2"}
Video timestamp: 1586603827591
===================================== Total time elapsed: 47.551924ms =====================================

Image results for "Tesla" from Image1 : {"id":1,"name":"Model X","car_image_url":["https://tinyurl.com/sccs8zk","https://tinyurl.com/rz8242y"]}
Image timestamp: 1586603827596
Video results for "Tesla" from Video3 : {"id":3,"name":"Model S","source":"metacafe","video_url":"https://tinyurl.com/tpmlde2"}
Video timestamp: 1586603827596
Website results for "Tesla" from Web3 : {"id":3,"name":"Model S","description":"This is a luxury vehicle","range":348,"battery":68,"awd":true}
Web timestamp: 1586603827601
===================================== Total time elapsed: 9.380529ms =====================================

Video results for "Tesla" from Video1 : {"id":1,"name":"Model S","source":"youtube","video_url":"https://www.youtube.com/watch?v=ySMQ0Bfsrfg"}
Video timestamp: 1586603827617
Image results for "Tesla" from Image1 : {"id":1,"name":"Model X","car_image_url":["https://tinyurl.com/sccs8zk","https://tinyurl.com/rz8242y"]}
Image timestamp: 1586603827617
Website results for "Tesla" from Web1 : {"id":1,"name":"Model X","description":"This an suv","range":351,"battery":88,"awd":true}
Web timestamp: 1586603827647
===================================== Total time elapsed: 46.217057ms =====================================

Image results for "Tesla" from Image2 : {"id":2,"name":"Model Y","car_image_url":["https://tinyurl.com/uc438zj","https://tinyurl.com/urk58y3"]}
Image timestamp: 1586603827665
Video results for "Tesla" from Video3 : {"id":3,"name":"Model S","source":"metacafe","video_url":"https://tinyurl.com/tpmlde2"}
Video timestamp: 1586603827673
Website results for "Tesla" from Web2 : {"id":2,"name":"Model Y","description":"This is a compact sport utility vehicle","range":316,"battery":68,"awd":true}
Web timestamp: 1586603827677
===================================== Total time elapsed: 29.276511ms =====================================

Video results for "Tesla" from Video3 : {"id":3,"name":"Model S","source":"metacafe","video_url":"https://tinyurl.com/tpmlde2"}
Video timestamp: 1586603827682
Website results for "Tesla" from Web1 : {"id":1,"name":"Model X","description":"This an suv","range":351,"battery":88,"awd":true}
Web timestamp: 1586603827699
Image results for "Tesla" from Image1 : {"id":1,"name":"Model X","car_image_url":["https://tinyurl.com/sccs8zk","https://tinyurl.com/rz8242y"]}
Image timestamp: 1586603827701
===================================== Total time elapsed: 24.203754ms =====================================

Video results for "Tesla" from Video1 : {"id":1,"name":"Model S","source":"youtube","video_url":"https://www.youtube.com/watch?v=ySMQ0Bfsrfg"}
Video timestamp: 1586603827720
Website results for "Tesla" from Web2 : {"id":2,"name":"Model Y","description":"This is a compact sport utility vehicle","range":316,"battery":68,"awd":true}
Web timestamp: 1586603827729
Image results for "Tesla" from Image2 : {"id":2,"name":"Model Y","car_image_url":["https://tinyurl.com/uc438zj","https://tinyurl.com/urk58y3"]}
Image timestamp: 1586603827742
===================================== Total time elapsed: 40.392174ms =====================================

Website results for "Tesla" from Web2 : {"id":2,"name":"Model Y","description":"This is a compact sport utility vehicle","range":316,"battery":68,"awd":true}
Web timestamp: 1586603827748
Image results for "Tesla" from Image2 : {"id":2,"name":"Model Y","car_image_url":["https://tinyurl.com/uc438zj","https://tinyurl.com/urk58y3"]}
Image timestamp: 1586603827753
Video results for "Tesla" from Video1 : {"id":1,"name":"Model S","source":"youtube","video_url":"https://www.youtube.com/watch?v=ySMQ0Bfsrfg"}
Video timestamp: 1586603827773
===================================== Total time elapsed: 31.252299ms =====================================

Image results for "Tesla" from Image2 : {"id":2,"name":"Model Y","car_image_url":["https://tinyurl.com/uc438zj","https://tinyurl.com/urk58y3"]}
Image timestamp: 1586603827773
Website results for "Tesla" from Web3 : {"id":3,"name":"Model S","description":"This is a luxury vehicle","range":348,"battery":68,"awd":true}
Web timestamp: 1586603827797
Video results for "Tesla" from Video1 : {"id":1,"name":"Model S","source":"youtube","video_url":"https://www.youtube.com/watch?v=ySMQ0Bfsrfg"}
Video timestamp: 1586603827798
===================================== Total time elapsed: 25.113182ms =====================================

Website results for "Tesla" from Web2 : {"id":2,"name":"Model Y","description":"This is a compact sport utility vehicle","range":316,"battery":68,"awd":true}
Web timestamp: 1586603827809
Image results for "Tesla" from Image2 : {"id":2,"name":"Model Y","car_image_url":["https://tinyurl.com/uc438zj","https://tinyurl.com/urk58y3"]}
Image timestamp: 1586603827809
Video results for "Tesla" from Video1 : {"id":1,"name":"Model S","source":"youtube","video_url":"https://www.youtube.com/watch?v=ySMQ0Bfsrfg"}
Video timestamp: 1586603827831
===================================== Total time elapsed: 32.852535ms =====================================

